mkdir build
arm-none-eabi-gcc -c -mcpu=cortex-m7 -mthumb -mfpu=fpv5-d16 -mfloat-abi=hard  -DUSE_HAL_DRIVER -DSTM32H750xx -DHSE_VALUE=16000000  -DCORE_CM7 -DSTM32H750IB -DARM_MATH_CM7 -DUSE_FULL_LL_DRIVER -include stm32h7xx.h -I../../libDaisy -I../../libDaisy/src/ -I../../libDaisy/src/sys -I../../libDaisy/src/usbd -I../../libDaisy/src/usbh -I../../libDaisy/Drivers/CMSIS/Include/ -I../../libDaisy/Drivers/CMSIS/DSP/Include -I../../libDaisy/Drivers/CMSIS/Device/ST/STM32H7xx/Include -I../../libDaisy/Drivers/STM32H7xx_HAL_Driver/Inc/ -I../../libDaisy/Middlewares/ST/STM32_USB_Device_Library/Core/Inc -I../../libDaisy/Middlewares/ST/STM32_USB_Host_Library/Core/Inc -I../../libDaisy/Middlewares/ST/STM32_USB_Host_Library/Class/MSC/Inc -I../../libDaisy/core/ -I../../DaisySP/Source -I../../libDaisy/Middlewares/Third_Party/FatFs/src -O2 -Wall -Wno-missing-attributes -fasm -fdata-sections -ffunction-sections -Wno-stringop-overflow -g -ggdb -MMD -MP -MF"build/ym3438.d" -std=gnu11 -Wa,-a,-ad,-alms=build/ym3438.lst ym3438.c -o build/ym3438.o
arm-none-eabi-gcc -c -mcpu=cortex-m7 -mthumb -mfpu=fpv5-d16 -mfloat-abi=hard  -DUSE_HAL_DRIVER -DSTM32H750xx -DHSE_VALUE=16000000  -DCORE_CM7 -DSTM32H750IB -DARM_MATH_CM7 -DUSE_FULL_LL_DRIVER -include stm32h7xx.h -I../../libDaisy -I../../libDaisy/src/ -I../../libDaisy/src/sys -I../../libDaisy/src/usbd -I../../libDaisy/src/usbh -I../../libDaisy/Drivers/CMSIS/Include/ -I../../libDaisy/Drivers/CMSIS/DSP/Include -I../../libDaisy/Drivers/CMSIS/Device/ST/STM32H7xx/Include -I../../libDaisy/Drivers/STM32H7xx_HAL_Driver/Inc/ -I../../libDaisy/Middlewares/ST/STM32_USB_Device_Library/Core/Inc -I../../libDaisy/Middlewares/ST/STM32_USB_Host_Library/Core/Inc -I../../libDaisy/Middlewares/ST/STM32_USB_Host_Library/Class/MSC/Inc -I../../libDaisy/core/ -I../../DaisySP/Source -I../../libDaisy/Middlewares/Third_Party/FatFs/src -O2 -Wall -Wno-missing-attributes -fasm -fdata-sections -ffunction-sections -Wno-stringop-overflow -g -ggdb -MMD -MP -MF"build/startup_stm32h750xx.d" -std=gnu11 -Wa,-a,-ad,-alms=build/startup_stm32h750xx.lst ../../libDaisy/core/startup_stm32h750xx.c -o build/startup_stm32h750xx.o
arm-none-eabi-g++ -c -mcpu=cortex-m7 -mthumb -mfpu=fpv5-d16 -mfloat-abi=hard  -DUSE_HAL_DRIVER -DSTM32H750xx -DHSE_VALUE=16000000  -DCORE_CM7 -DSTM32H750IB -DARM_MATH_CM7 -DUSE_FULL_LL_DRIVER -include stm32h7xx.h -I../../libDaisy -I../../libDaisy/src/ -I../../libDaisy/src/sys -I../../libDaisy/src/usbd -I../../libDaisy/src/usbh -I../../libDaisy/Drivers/CMSIS/Include/ -I../../libDaisy/Drivers/CMSIS/DSP/Include -I../../libDaisy/Drivers/CMSIS/Device/ST/STM32H7xx/Include -I../../libDaisy/Drivers/STM32H7xx_HAL_Driver/Inc/ -I../../libDaisy/Middlewares/ST/STM32_USB_Device_Library/Core/Inc -I../../libDaisy/Middlewares/ST/STM32_USB_Host_Library/Core/Inc -I../../libDaisy/Middlewares/ST/STM32_USB_Host_Library/Class/MSC/Inc -I../../libDaisy/core/ -I../../DaisySP/Source -I../../libDaisy/Middlewares/Third_Party/FatFs/src -O2 -Wall -Wno-missing-attributes -fasm -fdata-sections -ffunction-sections -Wno-stringop-overflow -g -ggdb -MMD -MP -MF"build/Nuked.d" -fno-exceptions -fasm -finline -finline-functions-called-once -fshort-enums -fno-move-loop-invariants -fno-unwind-tables -fno-rtti -Wno-register -std=gnu++14 -Wa,-a,-ad,-alms=build/Nuked.lst Nuked.cpp -o build/Nuked.o
arm-none-eabi-g++ build/ym3438.o build/startup_stm32h750xx.o build/Nuked.o   -mcpu=cortex-m7 -mthumb -mfpu=fpv5-d16 -mfloat-abi=hard --specs=nano.specs --specs=nosys.specs -T../../libDaisy/core/STM32H750IB_flash.lds -L../../libDaisy/build -L ../../DaisySP/build -ldaisy -lc -lm -lnosys -ldaisysp -Wl,-Map=build/Nuked.map,--cref -Wl,--gc-sections -Wl,--print-memory-usage -o build/Nuked.elf
/Applications/ArmGNUToolchain/14.2.rel1/arm-none-eabi/bin/../lib/gcc/arm-none-eabi/14.2.1/../../../../arm-none-eabi/bin/ld: /Applications/ArmGNUToolchain/14.2.rel1/arm-none-eabi/bin/../lib/gcc/arm-none-eabi/14.2.1/../../../../arm-none-eabi/lib/thumb/v7e-m+dp/hard/libc_nano.a(libc_a-closer.o): note: the message above does not take linker garbage collection into account
/Applications/ArmGNUToolchain/14.2.rel1/arm-none-eabi/bin/../lib/gcc/arm-none-eabi/14.2.1/../../../../arm-none-eabi/bin/ld: /Applications/ArmGNUToolchain/14.2.rel1/arm-none-eabi/bin/../lib/gcc/arm-none-eabi/14.2.1/../../../../arm-none-eabi/lib/thumb/v7e-m+dp/hard/libc_nano.a(libc_a-fstatr.o): note: the message above does not take linker garbage collection into account
/Applications/ArmGNUToolchain/14.2.rel1/arm-none-eabi/bin/../lib/gcc/arm-none-eabi/14.2.1/../../../../arm-none-eabi/bin/ld: /Applications/ArmGNUToolchain/14.2.rel1/arm-none-eabi/bin/../lib/gcc/arm-none-eabi/14.2.1/../../../../arm-none-eabi/lib/thumb/v7e-m+dp/hard/libc_nano.a(libc_a-signalr.o): note: the message above does not take linker garbage collection into account
/Applications/ArmGNUToolchain/14.2.rel1/arm-none-eabi/bin/../lib/gcc/arm-none-eabi/14.2.1/../../../../arm-none-eabi/bin/ld: /Applications/ArmGNUToolchain/14.2.rel1/arm-none-eabi/bin/../lib/gcc/arm-none-eabi/14.2.1/../../../../arm-none-eabi/lib/thumb/v7e-m+dp/hard/libc_nano.a(libc_a-isattyr.o): note: the message above does not take linker garbage collection into account
/Applications/ArmGNUToolchain/14.2.rel1/arm-none-eabi/bin/../lib/gcc/arm-none-eabi/14.2.1/../../../../arm-none-eabi/bin/ld: /Applications/ArmGNUToolchain/14.2.rel1/arm-none-eabi/bin/../lib/gcc/arm-none-eabi/14.2.1/../../../../arm-none-eabi/lib/thumb/v7e-m+dp/hard/libc_nano.a(libc_a-signalr.o): note: the message above does not take linker garbage collection into account
/Applications/ArmGNUToolchain/14.2.rel1/arm-none-eabi/bin/../lib/gcc/arm-none-eabi/14.2.1/../../../../arm-none-eabi/bin/ld: /Applications/ArmGNUToolchain/14.2.rel1/arm-none-eabi/bin/../lib/gcc/arm-none-eabi/14.2.1/../../../../arm-none-eabi/lib/thumb/v7e-m+dp/hard/libc_nano.a(libc_a-lseekr.o): note: the message above does not take linker garbage collection into account
/Applications/ArmGNUToolchain/14.2.rel1/arm-none-eabi/bin/../lib/gcc/arm-none-eabi/14.2.1/../../../../arm-none-eabi/bin/ld: /Applications/ArmGNUToolchain/14.2.rel1/arm-none-eabi/bin/../lib/gcc/arm-none-eabi/14.2.1/../../../../arm-none-eabi/lib/thumb/v7e-m+dp/hard/libc_nano.a(libc_a-readr.o): note: the message above does not take linker garbage collection into account
/Applications/ArmGNUToolchain/14.2.rel1/arm-none-eabi/bin/../lib/gcc/arm-none-eabi/14.2.1/../../../../arm-none-eabi/bin/ld: /Applications/ArmGNUToolchain/14.2.rel1/arm-none-eabi/bin/../lib/gcc/arm-none-eabi/14.2.1/../../../../arm-none-eabi/lib/thumb/v7e-m+dp/hard/libc_nano.a(libc_a-writer.o): note: the message above does not take linker garbage collection into account
Memory region         Used Size  Region Size  %age Used
           FLASH:      105288 B       128 KB     80.33%
         DTCMRAM:           0 B       128 KB      0.00%
            SRAM:       53224 B       512 KB     10.15%
          RAM_D2:       16960 B       288 KB      5.75%
          RAM_D3:           0 B        64 KB      0.00%
     BACKUP_SRAM:          12 B         4 KB      0.29%
         ITCMRAM:           0 B        64 KB      0.00%
           SDRAM:           0 B        64 MB      0.00%
       QSPIFLASH:           0 B         8 MB      0.00%
arm-none-eabi-objcopy -O ihex build/Nuked.elf build/Nuked.hex
arm-none-eabi-objcopy -O binary -S build/Nuked.elf build/Nuked.bin
